<?xml version="1.0" encoding="UTF-8"?>
<coverage generated="1729195428149" clover="3.2.0">
  <project timestamp="1729195428149" name="All files">
    <metrics statements="277" coveredstatements="224" conditionals="84" coveredconditionals="60" methods="73" coveredmethods="68" elements="434" coveredelements="352" complexity="0" loc="277" ncloc="277" packages="3" files="6" classes="6"/>
    <package name="Server">
      <metrics statements="108" coveredstatements="72" conditionals="24" coveredconditionals="13" methods="12" coveredmethods="7"/>
      <file name="index.mjs" path="C:\Users\harry\Desktop\Politecnico-di-Torino\Ing.-Software\Secondo-anno\Software-Engineer-2\OfficeQueueManagement-09\Server\index.mjs">
        <metrics statements="108" coveredstatements="72" conditionals="24" coveredconditionals="13" methods="12" coveredmethods="7"/>
        <line num="9" count="2" type="stmt"/>
        <line num="10" count="2" type="stmt"/>
        <line num="11" count="2" type="stmt"/>
        <line num="12" count="2" type="stmt"/>
        <line num="15" count="2" type="stmt"/>
        <line num="16" count="2" type="stmt"/>
        <line num="19" count="2" type="stmt"/>
        <line num="20" count="2" type="stmt"/>
        <line num="21" count="2" type="stmt"/>
        <line num="26" count="2" type="stmt"/>
        <line num="30" count="2" type="stmt"/>
        <line num="31" count="0" type="stmt"/>
        <line num="32" count="0" type="stmt"/>
        <line num="33" count="0" type="stmt"/>
        <line num="36" count="0" type="stmt"/>
        <line num="40" count="2" type="stmt"/>
        <line num="41" count="0" type="stmt"/>
        <line num="42" count="0" type="stmt"/>
        <line num="43" count="0" type="stmt"/>
        <line num="44" count="0" type="stmt"/>
        <line num="46" count="0" type="stmt"/>
        <line num="50" count="2" type="stmt"/>
        <line num="51" count="2" type="stmt"/>
        <line num="52" count="2" type="stmt"/>
        <line num="53" count="1" type="stmt"/>
        <line num="55" count="1" type="stmt"/>
        <line num="59" count="2" type="stmt"/>
        <line num="60" count="4" type="stmt"/>
        <line num="61" count="4" type="stmt"/>
        <line num="62" count="4" type="stmt"/>
        <line num="64" count="4" type="stmt"/>
        <line num="65" count="4" type="stmt"/>
        <line num="66" count="8" type="stmt"/>
        <line num="68" count="4" type="stmt"/>
        <line num="69" count="4" type="stmt"/>
        <line num="70" count="4" type="stmt"/>
        <line num="71" count="8" type="stmt"/>
        <line num="72" count="8" type="cond" truecount="2" falsecount="0"/>
        <line num="73" count="4" type="stmt"/>
        <line num="74" count="4" type="stmt"/>
        <line num="76" count="4" type="cond" truecount="4" falsecount="0"/>
        <line num="77" count="3" type="cond" truecount="2" falsecount="0"/>
        <line num="78" count="1" type="stmt"/>
        <line num="79" count="1" type="stmt"/>
        <line num="83" count="4" type="cond" truecount="1" falsecount="1"/>
        <line num="84" count="4" type="stmt"/>
        <line num="85" count="4" type="stmt"/>
        <line num="87" count="0" type="stmt"/>
        <line num="91" count="2" type="stmt"/>
        <line num="92" count="3" type="stmt"/>
        <line num="93" count="3" type="stmt"/>
        <line num="95" count="3" type="cond" truecount="2" falsecount="0"/>
        <line num="96" count="1" type="stmt"/>
        <line num="99" count="2" type="stmt"/>
        <line num="100" count="2" type="stmt"/>
        <line num="101" count="1" type="stmt"/>
        <line num="103" count="1" type="stmt"/>
        <line num="107" count="2" type="stmt"/>
        <line num="108" count="3" type="stmt"/>
        <line num="109" count="3" type="stmt"/>
        <line num="110" count="2" type="stmt"/>
        <line num="111" count="1" type="stmt"/>
        <line num="113" count="2" type="stmt"/>
        <line num="117" count="2" type="stmt"/>
        <line num="118" count="0" type="stmt"/>
        <line num="119" count="0" type="stmt"/>
        <line num="120" count="0" type="stmt"/>
        <line num="122" count="0" type="stmt"/>
        <line num="126" count="2" type="stmt"/>
        <line num="127" count="2" type="stmt"/>
        <line num="128" count="2" type="stmt"/>
        <line num="129" count="1" type="stmt"/>
        <line num="131" count="1" type="stmt"/>
        <line num="135" count="2" type="stmt"/>
        <line num="136" count="3" type="stmt"/>
        <line num="137" count="3" type="stmt"/>
        <line num="139" count="3" type="cond" truecount="2" falsecount="0"/>
        <line num="140" count="1" type="stmt"/>
        <line num="143" count="2" type="stmt"/>
        <line num="144" count="2" type="stmt"/>
        <line num="145" count="1" type="stmt"/>
        <line num="147" count="1" type="stmt"/>
        <line num="151" count="2" type="stmt"/>
        <line num="152" count="0" type="stmt"/>
        <line num="155" count="0" type="cond" truecount="0" falsecount="2"/>
        <line num="156" count="0" type="stmt"/>
        <line num="160" count="0" type="cond" truecount="0" falsecount="2"/>
        <line num="161" count="0" type="stmt"/>
        <line num="164" count="0" type="cond" truecount="0" falsecount="2"/>
        <line num="165" count="0" type="stmt"/>
        <line num="168" count="0" type="stmt"/>
        <line num="169" count="0" type="stmt"/>
        <line num="170" count="0" type="stmt"/>
        <line num="172" count="0" type="stmt"/>
        <line num="173" count="0" type="stmt"/>
        <line num="177" count="2" type="stmt"/>
        <line num="178" count="0" type="stmt"/>
        <line num="181" count="0" type="cond" truecount="0" falsecount="2"/>
        <line num="182" count="0" type="stmt"/>
        <line num="186" count="0" type="cond" truecount="0" falsecount="2"/>
        <line num="187" count="0" type="stmt"/>
        <line num="190" count="0" type="stmt"/>
        <line num="191" count="0" type="stmt"/>
        <line num="192" count="0" type="stmt"/>
        <line num="194" count="0" type="stmt"/>
        <line num="195" count="0" type="stmt"/>
        <line num="200" count="2" type="stmt"/>
        <line num="201" count="1" type="stmt"/>
      </file>
    </package>
    <package name="Server.dao">
      <metrics statements="167" coveredstatements="150" conditionals="58" coveredconditionals="46" methods="60" coveredmethods="60"/>
      <file name="counterDao.mjs" path="C:\Users\harry\Desktop\Politecnico-di-Torino\Ing.-Software\Secondo-anno\Software-Engineer-2\OfficeQueueManagement-09\Server\dao\counterDao.mjs">
        <metrics statements="38" coveredstatements="33" conditionals="14" coveredconditionals="8" methods="16" coveredmethods="16"/>
        <line num="3" count="3" type="stmt"/>
        <line num="4" count="3" type="cond" truecount="1" falsecount="1"/>
        <line num="9" count="1" type="stmt"/>
        <line num="10" count="1" type="stmt"/>
        <line num="11" count="1" type="stmt"/>
        <line num="12" count="1" type="cond" truecount="1" falsecount="1"/>
        <line num="13" count="0" type="stmt"/>
        <line num="15" count="1" type="stmt"/>
        <line num="21" count="2" type="stmt"/>
        <line num="22" count="2" type="stmt"/>
        <line num="26" count="2" type="stmt"/>
        <line num="27" count="2" type="cond" truecount="1" falsecount="1"/>
        <line num="28" count="0" type="stmt"/>
        <line num="30" count="2" type="stmt"/>
        <line num="37" count="1" type="stmt"/>
        <line num="38" count="1" type="stmt"/>
        <line num="39" count="1" type="stmt"/>
        <line num="40" count="1" type="cond" truecount="1" falsecount="1"/>
        <line num="41" count="0" type="stmt"/>
        <line num="43" count="1" type="stmt"/>
        <line num="44" count="1" type="stmt"/>
        <line num="45" count="10" type="cond" truecount="2" falsecount="0"/>
        <line num="46" count="2" type="stmt"/>
        <line num="49" count="8" type="stmt"/>
        <line num="52" count="1" type="stmt"/>
        <line num="59" count="3" type="stmt"/>
        <line num="60" count="3" type="stmt"/>
        <line num="61" count="3" type="stmt"/>
        <line num="62" count="3" type="cond" truecount="1" falsecount="1"/>
        <line num="63" count="0" type="stmt"/>
        <line num="65" count="3" type="stmt"/>
        <line num="66" count="3" type="stmt"/>
        <line num="73" count="4" type="stmt"/>
        <line num="74" count="4" type="stmt"/>
        <line num="81" count="4" type="stmt"/>
        <line num="82" count="4" type="cond" truecount="1" falsecount="1"/>
        <line num="83" count="0" type="stmt"/>
        <line num="85" count="4" type="stmt"/>
      </file>
      <file name="officerDao.mjs" path="C:\Users\harry\Desktop\Politecnico-di-Torino\Ing.-Software\Secondo-anno\Software-Engineer-2\OfficeQueueManagement-09\Server\dao\officerDao.mjs">
        <metrics statements="61" coveredstatements="60" conditionals="22" coveredconditionals="21" methods="29" coveredmethods="29"/>
        <line num="5" count="2" type="stmt"/>
        <line num="6" count="2" type="stmt"/>
        <line num="7" count="2" type="stmt"/>
        <line num="8" count="2" type="cond" truecount="2" falsecount="0"/>
        <line num="9" count="1" type="stmt"/>
        <line num="11" count="1" type="stmt"/>
        <line num="17" count="2" type="stmt"/>
        <line num="18" count="2" type="stmt"/>
        <line num="19" count="2" type="stmt"/>
        <line num="20" count="2" type="cond" truecount="2" falsecount="0"/>
        <line num="21" count="1" type="stmt"/>
        <line num="24" count="2" type="stmt"/>
        <line num="25" count="1" type="stmt"/>
        <line num="32" count="2" type="stmt"/>
        <line num="33" count="2" type="stmt"/>
        <line num="34" count="2" type="stmt"/>
        <line num="35" count="2" type="cond" truecount="2" falsecount="0"/>
        <line num="36" count="1" type="stmt"/>
        <line num="39" count="1" type="stmt"/>
        <line num="46" count="3" type="stmt"/>
        <line num="47" count="3" type="stmt"/>
        <line num="48" count="3" type="stmt"/>
        <line num="49" count="3" type="cond" truecount="2" falsecount="0"/>
        <line num="50" count="1" type="stmt"/>
        <line num="52" count="2" type="cond" truecount="2" falsecount="0"/>
        <line num="53" count="1" type="stmt"/>
        <line num="56" count="1" type="stmt"/>
        <line num="63" count="2" type="stmt"/>
        <line num="64" count="2" type="stmt"/>
        <line num="65" count="2" type="stmt"/>
        <line num="66" count="2" type="cond" truecount="2" falsecount="0"/>
        <line num="67" count="1" type="stmt"/>
        <line num="70" count="1" type="stmt"/>
        <line num="77" count="2" type="stmt"/>
        <line num="78" count="2" type="stmt"/>
        <line num="79" count="2" type="stmt"/>
        <line num="80" count="2" type="cond" truecount="2" falsecount="0"/>
        <line num="81" count="1" type="stmt"/>
        <line num="84" count="1" type="stmt"/>
        <line num="91" count="3" type="stmt"/>
        <line num="92" count="3" type="stmt"/>
        <line num="97" count="3" type="stmt"/>
        <line num="102" count="3" type="stmt"/>
        <line num="103" count="3" type="cond" truecount="2" falsecount="0"/>
        <line num="104" count="2" type="stmt"/>
        <line num="106" count="1" type="stmt"/>
        <line num="107" count="1" type="cond" truecount="1" falsecount="1"/>
        <line num="108" count="0" type="stmt"/>
        <line num="110" count="1" type="stmt"/>
        <line num="118" count="2" type="stmt"/>
        <line num="119" count="2" type="stmt"/>
        <line num="124" count="2" type="stmt"/>
        <line num="125" count="2" type="cond" truecount="2" falsecount="0"/>
        <line num="126" count="1" type="stmt"/>
        <line num="128" count="1" type="stmt"/>
        <line num="135" count="2" type="stmt"/>
        <line num="136" count="2" type="stmt"/>
        <line num="141" count="2" type="stmt"/>
        <line num="142" count="2" type="cond" truecount="2" falsecount="0"/>
        <line num="143" count="1" type="stmt"/>
        <line num="146" count="1" type="stmt"/>
      </file>
      <file name="ticketDao.mjs" path="C:\Users\harry\Desktop\Politecnico-di-Torino\Ing.-Software\Secondo-anno\Software-Engineer-2\OfficeQueueManagement-09\Server\dao\ticketDao.mjs">
        <metrics statements="50" coveredstatements="40" conditionals="16" coveredconditionals="12" methods="8" coveredmethods="8"/>
        <line num="4" count="3" type="stmt"/>
        <line num="5" count="4" type="stmt"/>
        <line num="6" count="4" type="stmt"/>
        <line num="7" count="4" type="stmt"/>
        <line num="8" count="4" type="cond" truecount="1" falsecount="1"/>
        <line num="9" count="0" type="stmt"/>
        <line num="10" count="0" type="stmt"/>
        <line num="12" count="4" type="cond" truecount="2" falsecount="0"/>
        <line num="13" count="1" type="stmt"/>
        <line num="16" count="3" type="stmt"/>
        <line num="18" count="3" type="stmt"/>
        <line num="20" count="3" type="cond" truecount="3" falsecount="1"/>
        <line num="22" count="1" type="stmt"/>
        <line num="28" count="1" type="stmt"/>
        <line num="29" count="1" type="stmt"/>
        <line num="30" count="1" type="stmt"/>
        <line num="32" count="1" type="stmt"/>
        <line num="38" count="1" type="stmt"/>
        <line num="39" count="1" type="stmt"/>
        <line num="40" count="1" type="stmt"/>
        <line num="41" count="1" type="stmt"/>
        <line num="43" count="0" type="stmt"/>
        <line num="51" count="0" type="stmt"/>
        <line num="52" count="0" type="stmt"/>
        <line num="53" count="0" type="stmt"/>
        <line num="55" count="1" type="stmt"/>
        <line num="58" count="2" type="stmt"/>
        <line num="59" count="2" type="cond" truecount="1" falsecount="1"/>
        <line num="60" count="0" type="stmt"/>
        <line num="62" count="2" type="stmt"/>
        <line num="70" count="3" type="stmt"/>
        <line num="71" count="4" type="stmt"/>
        <line num="73" count="4" type="stmt"/>
        <line num="74" count="4" type="cond" truecount="3" falsecount="1"/>
        <line num="76" count="2" type="stmt"/>
        <line num="82" count="2" type="stmt"/>
        <line num="83" count="2" type="stmt"/>
        <line num="85" count="1" type="stmt"/>
        <line num="91" count="1" type="stmt"/>
        <line num="92" count="1" type="stmt"/>
        <line num="93" count="1" type="stmt"/>
        <line num="95" count="0" type="stmt"/>
        <line num="103" count="0" type="stmt"/>
        <line num="104" count="0" type="stmt"/>
        <line num="106" count="1" type="stmt"/>
        <line num="110" count="3" type="stmt"/>
        <line num="111" count="3" type="cond" truecount="2" falsecount="0"/>
        <line num="112" count="1" type="stmt"/>
        <line num="113" count="1" type="stmt"/>
        <line num="115" count="2" type="stmt"/>
      </file>
      <file name="totemDao.mjs" path="C:\Users\harry\Desktop\Politecnico-di-Torino\Ing.-Software\Secondo-anno\Software-Engineer-2\OfficeQueueManagement-09\Server\dao\totemDao.mjs">
        <metrics statements="18" coveredstatements="17" conditionals="6" coveredconditionals="5" methods="7" coveredmethods="7"/>
        <line num="6" count="2" type="stmt"/>
        <line num="7" count="2" type="stmt"/>
        <line num="8" count="2" type="stmt"/>
        <line num="9" count="2" type="cond" truecount="1" falsecount="1"/>
        <line num="10" count="0" type="stmt"/>
        <line num="12" count="2" type="stmt"/>
        <line num="18" count="3" type="stmt"/>
        <line num="19" count="3" type="stmt"/>
        <line num="20" count="3" type="stmt"/>
        <line num="21" count="3" type="stmt"/>
        <line num="22" count="3" type="cond" truecount="2" falsecount="0"/>
        <line num="23" count="1" type="stmt"/>
        <line num="26" count="2" type="stmt"/>
        <line num="27" count="2" type="stmt"/>
        <line num="28" count="2" type="cond" truecount="2" falsecount="0"/>
        <line num="29" count="1" type="stmt"/>
        <line num="32" count="1" type="stmt"/>
        <line num="33" count="1" type="stmt"/>
      </file>
    </package>
    <package name="Server.db">
      <metrics statements="2" coveredstatements="2" conditionals="2" coveredconditionals="1" methods="1" coveredmethods="1"/>
      <file name="db.mjs" path="C:\Users\harry\Desktop\Politecnico-di-Torino\Ing.-Software\Secondo-anno\Software-Engineer-2\OfficeQueueManagement-09\Server\db\db.mjs">
        <metrics statements="2" coveredstatements="2" conditionals="2" coveredconditionals="1" methods="1" coveredmethods="1"/>
        <line num="4" count="9" type="stmt"/>
        <line num="5" count="7" type="cond" truecount="1" falsecount="1"/>
      </file>
    </package>
  </project>
</coverage>
