{"C:\\Users\\harry\\Desktop\\Politecnico-di-Torino\\Ing.-Software\\Secondo-anno\\Software-Engineer-2\\OfficeQueueManagement-09\\Server\\index.mjs": {"path":"C:\\Users\\harry\\Desktop\\Politecnico-di-Torino\\Ing.-Software\\Secondo-anno\\Software-Engineer-2\\OfficeQueueManagement-09\\Server\\index.mjs","statementMap":{"0":{"start":{"line":9,"column":19},"end":{"line":9,"column":35}},"1":{"start":{"line":10,"column":17},"end":{"line":10,"column":31}},"2":{"start":{"line":11,"column":19},"end":{"line":11,"column":35}},"3":{"start":{"line":12,"column":18},"end":{"line":12,"column":33}},"4":{"start":{"line":15,"column":12},"end":{"line":15,"column":25}},"5":{"start":{"line":16,"column":13},"end":{"line":16,"column":17}},"6":{"start":{"line":19,"column":0},"end":{"line":19,"column":24}},"7":{"start":{"line":20,"column":0},"end":{"line":20,"column":23}},"8":{"start":{"line":21,"column":20},"end":{"line":25,"column":1}},"9":{"start":{"line":26,"column":0},"end":{"line":26,"column":27}},"10":{"start":{"line":30,"column":0},"end":{"line":38,"column":3}},"11":{"start":{"line":31,"column":4},"end":{"line":37,"column":5}},"12":{"start":{"line":32,"column":25},"end":{"line":32,"column":55}},"13":{"start":{"line":33,"column":8},"end":{"line":33,"column":46}},"14":{"start":{"line":36,"column":8},"end":{"line":36,"column":74}},"15":{"start":{"line":40,"column":0},"end":{"line":48,"column":3}},"16":{"start":{"line":41,"column":4},"end":{"line":47,"column":5}},"17":{"start":{"line":42,"column":26},"end":{"line":42,"column":39}},"18":{"start":{"line":43,"column":25},"end":{"line":43,"column":75}},"19":{"start":{"line":44,"column":8},"end":{"line":44,"column":39}},"20":{"start":{"line":46,"column":8},"end":{"line":46,"column":65}},"21":{"start":{"line":50,"column":0},"end":{"line":57,"column":2}},"22":{"start":{"line":51,"column":4},"end":{"line":56,"column":5}},"23":{"start":{"line":52,"column":23},"end":{"line":52,"column":51}},"24":{"start":{"line":53,"column":8},"end":{"line":53,"column":39}},"25":{"start":{"line":55,"column":8},"end":{"line":55,"column":55}},"26":{"start":{"line":59,"column":0},"end":{"line":89,"column":2}},"27":{"start":{"line":60,"column":4},"end":{"line":88,"column":5}},"28":{"start":{"line":61,"column":19},"end":{"line":61,"column":39}},"29":{"start":{"line":62,"column":23},"end":{"line":62,"column":25}},"30":{"start":{"line":64,"column":27},"end":{"line":64,"column":84}},"31":{"start":{"line":65,"column":8},"end":{"line":66,"column":72}},"32":{"start":{"line":66,"column":12},"end":{"line":66,"column":72}},"33":{"start":{"line":68,"column":18},"end":{"line":68,"column":19}},"34":{"start":{"line":69,"column":27},"end":{"line":69,"column":31}},"35":{"start":{"line":70,"column":8},"end":{"line":82,"column":9}},"36":{"start":{"line":71,"column":24},"end":{"line":71,"column":64}},"37":{"start":{"line":72,"column":12},"end":{"line":81,"column":13}},"38":{"start":{"line":73,"column":16},"end":{"line":73,"column":28}},"39":{"start":{"line":74,"column":16},"end":{"line":74,"column":39}},"40":{"start":{"line":76,"column":17},"end":{"line":81,"column":13}},"41":{"start":{"line":77,"column":16},"end":{"line":80,"column":17}},"42":{"start":{"line":78,"column":20},"end":{"line":78,"column":32}},"43":{"start":{"line":79,"column":20},"end":{"line":79,"column":43}},"44":{"start":{"line":83,"column":8},"end":{"line":84,"column":66}},"45":{"start":{"line":84,"column":12},"end":{"line":84,"column":66}},"46":{"start":{"line":85,"column":8},"end":{"line":85,"column":35}},"47":{"start":{"line":87,"column":8},"end":{"line":87,"column":55}},"48":{"start":{"line":91,"column":0},"end":{"line":105,"column":3}},"49":{"start":{"line":92,"column":21},"end":{"line":92,"column":40}},"50":{"start":{"line":93,"column":26},"end":{"line":93,"column":34}},"51":{"start":{"line":95,"column":4},"end":{"line":97,"column":5}},"52":{"start":{"line":96,"column":8},"end":{"line":96,"column":61}},"53":{"start":{"line":99,"column":4},"end":{"line":104,"column":5}},"54":{"start":{"line":100,"column":22},"end":{"line":100,"column":76}},"55":{"start":{"line":101,"column":8},"end":{"line":101,"column":86}},"56":{"start":{"line":103,"column":8},"end":{"line":103,"column":55}},"57":{"start":{"line":107,"column":0},"end":{"line":115,"column":2}},"58":{"start":{"line":108,"column":4},"end":{"line":114,"column":5}},"59":{"start":{"line":109,"column":27},"end":{"line":109,"column":77}},"60":{"start":{"line":110,"column":23},"end":{"line":110,"column":59}},"61":{"start":{"line":111,"column":8},"end":{"line":111,"column":37}},"62":{"start":{"line":113,"column":8},"end":{"line":113,"column":55}},"63":{"start":{"line":117,"column":0},"end":{"line":124,"column":2}},"64":{"start":{"line":118,"column":4},"end":{"line":123,"column":5}},"65":{"start":{"line":119,"column":24},"end":{"line":119,"column":67}},"66":{"start":{"line":120,"column":8},"end":{"line":120,"column":38}},"67":{"start":{"line":122,"column":8},"end":{"line":122,"column":55}},"68":{"start":{"line":126,"column":0},"end":{"line":133,"column":2}},"69":{"start":{"line":127,"column":4},"end":{"line":132,"column":5}},"70":{"start":{"line":128,"column":25},"end":{"line":128,"column":55}},"71":{"start":{"line":129,"column":8},"end":{"line":129,"column":39}},"72":{"start":{"line":131,"column":8},"end":{"line":131,"column":55}},"73":{"start":{"line":135,"column":0},"end":{"line":149,"column":3}},"74":{"start":{"line":136,"column":22},"end":{"line":136,"column":42}},"75":{"start":{"line":137,"column":27},"end":{"line":137,"column":35}},"76":{"start":{"line":139,"column":4},"end":{"line":141,"column":5}},"77":{"start":{"line":140,"column":8},"end":{"line":140,"column":70}},"78":{"start":{"line":143,"column":4},"end":{"line":148,"column":5}},"79":{"start":{"line":144,"column":22},"end":{"line":144,"column":79}},"80":{"start":{"line":145,"column":8},"end":{"line":145,"column":87}},"81":{"start":{"line":147,"column":8},"end":{"line":147,"column":55}},"82":{"start":{"line":151,"column":0},"end":{"line":175,"column":3}},"83":{"start":{"line":152,"column":38},"end":{"line":152,"column":47}},"84":{"start":{"line":155,"column":4},"end":{"line":157,"column":5}},"85":{"start":{"line":156,"column":8},"end":{"line":156,"column":109}},"86":{"start":{"line":160,"column":4},"end":{"line":162,"column":5}},"87":{"start":{"line":161,"column":8},"end":{"line":161,"column":80}},"88":{"start":{"line":164,"column":4},"end":{"line":166,"column":5}},"89":{"start":{"line":165,"column":8},"end":{"line":165,"column":83}},"90":{"start":{"line":168,"column":4},"end":{"line":174,"column":5}},"91":{"start":{"line":169,"column":24},"end":{"line":169,"column":87}},"92":{"start":{"line":170,"column":8},"end":{"line":170,"column":38}},"93":{"start":{"line":172,"column":8},"end":{"line":172,"column":67}},"94":{"start":{"line":173,"column":8},"end":{"line":173,"column":74}},"95":{"start":{"line":177,"column":0},"end":{"line":197,"column":3}},"96":{"start":{"line":178,"column":29},"end":{"line":178,"column":38}},"97":{"start":{"line":181,"column":4},"end":{"line":183,"column":5}},"98":{"start":{"line":182,"column":8},"end":{"line":182,"column":109}},"99":{"start":{"line":186,"column":4},"end":{"line":188,"column":5}},"100":{"start":{"line":187,"column":8},"end":{"line":187,"column":80}},"101":{"start":{"line":190,"column":4},"end":{"line":196,"column":5}},"102":{"start":{"line":191,"column":24},"end":{"line":191,"column":78}},"103":{"start":{"line":192,"column":8},"end":{"line":192,"column":38}},"104":{"start":{"line":194,"column":8},"end":{"line":194,"column":67}},"105":{"start":{"line":195,"column":8},"end":{"line":195,"column":74}},"106":{"start":{"line":200,"column":0},"end":{"line":202,"column":5}},"107":{"start":{"line":201,"column":4},"end":{"line":201,"column":64}}},"fnMap":{"0":{"name":"(anonymous_0)","decl":{"start":{"line":30,"column":25},"end":{"line":30,"column":26}},"loc":{"start":{"line":30,"column":45},"end":{"line":38,"column":1}},"line":30},"1":{"name":"(anonymous_1)","decl":{"start":{"line":40,"column":38},"end":{"line":40,"column":39}},"loc":{"start":{"line":40,"column":58},"end":{"line":48,"column":1}},"line":40},"2":{"name":"(anonymous_2)","decl":{"start":{"line":50,"column":25},"end":{"line":50,"column":26}},"loc":{"start":{"line":50,"column":45},"end":{"line":57,"column":1}},"line":50},"3":{"name":"(anonymous_3)","decl":{"start":{"line":59,"column":41},"end":{"line":59,"column":42}},"loc":{"start":{"line":59,"column":61},"end":{"line":89,"column":1}},"line":59},"4":{"name":"(anonymous_4)","decl":{"start":{"line":91,"column":34},"end":{"line":91,"column":35}},"loc":{"start":{"line":91,"column":54},"end":{"line":105,"column":1}},"line":91},"5":{"name":"(anonymous_5)","decl":{"start":{"line":107,"column":32},"end":{"line":107,"column":33}},"loc":{"start":{"line":107,"column":52},"end":{"line":115,"column":1}},"line":107},"6":{"name":"(anonymous_6)","decl":{"start":{"line":117,"column":39},"end":{"line":117,"column":40}},"loc":{"start":{"line":117,"column":59},"end":{"line":124,"column":1}},"line":117},"7":{"name":"(anonymous_7)","decl":{"start":{"line":126,"column":25},"end":{"line":126,"column":26}},"loc":{"start":{"line":126,"column":45},"end":{"line":133,"column":1}},"line":126},"8":{"name":"(anonymous_8)","decl":{"start":{"line":135,"column":36},"end":{"line":135,"column":37}},"loc":{"start":{"line":135,"column":56},"end":{"line":149,"column":1}},"line":135},"9":{"name":"(anonymous_9)","decl":{"start":{"line":151,"column":31},"end":{"line":151,"column":32}},"loc":{"start":{"line":151,"column":51},"end":{"line":175,"column":1}},"line":151},"10":{"name":"(anonymous_10)","decl":{"start":{"line":177,"column":31},"end":{"line":177,"column":32}},"loc":{"start":{"line":177,"column":51},"end":{"line":197,"column":1}},"line":177},"11":{"name":"(anonymous_11)","decl":{"start":{"line":200,"column":17},"end":{"line":200,"column":18}},"loc":{"start":{"line":200,"column":23},"end":{"line":202,"column":3}},"line":200}},"branchMap":{"0":{"loc":{"start":{"line":72,"column":12},"end":{"line":81,"column":13}},"type":"if","locations":[{"start":{"line":72,"column":12},"end":{"line":81,"column":13}},{"start":{"line":76,"column":17},"end":{"line":81,"column":13}}],"line":72},"1":{"loc":{"start":{"line":76,"column":17},"end":{"line":81,"column":13}},"type":"if","locations":[{"start":{"line":76,"column":17},"end":{"line":81,"column":13}},{"start":{},"end":{}}],"line":76},"2":{"loc":{"start":{"line":76,"column":21},"end":{"line":76,"column":45}},"type":"binary-expr","locations":[{"start":{"line":76,"column":21},"end":{"line":76,"column":33}},{"start":{"line":76,"column":37},"end":{"line":76,"column":45}}],"line":76},"3":{"loc":{"start":{"line":77,"column":16},"end":{"line":80,"column":17}},"type":"if","locations":[{"start":{"line":77,"column":16},"end":{"line":80,"column":17}},{"start":{},"end":{}}],"line":77},"4":{"loc":{"start":{"line":83,"column":8},"end":{"line":84,"column":66}},"type":"if","locations":[{"start":{"line":83,"column":8},"end":{"line":84,"column":66}},{"start":{},"end":{}}],"line":83},"5":{"loc":{"start":{"line":95,"column":4},"end":{"line":97,"column":5}},"type":"if","locations":[{"start":{"line":95,"column":4},"end":{"line":97,"column":5}},{"start":{},"end":{}}],"line":95},"6":{"loc":{"start":{"line":139,"column":4},"end":{"line":141,"column":5}},"type":"if","locations":[{"start":{"line":139,"column":4},"end":{"line":141,"column":5}},{"start":{},"end":{}}],"line":139},"7":{"loc":{"start":{"line":155,"column":4},"end":{"line":157,"column":5}},"type":"if","locations":[{"start":{"line":155,"column":4},"end":{"line":157,"column":5}},{"start":{},"end":{}}],"line":155},"8":{"loc":{"start":{"line":160,"column":4},"end":{"line":162,"column":5}},"type":"if","locations":[{"start":{"line":160,"column":4},"end":{"line":162,"column":5}},{"start":{},"end":{}}],"line":160},"9":{"loc":{"start":{"line":164,"column":4},"end":{"line":166,"column":5}},"type":"if","locations":[{"start":{"line":164,"column":4},"end":{"line":166,"column":5}},{"start":{},"end":{}}],"line":164},"10":{"loc":{"start":{"line":181,"column":4},"end":{"line":183,"column":5}},"type":"if","locations":[{"start":{"line":181,"column":4},"end":{"line":183,"column":5}},{"start":{},"end":{}}],"line":181},"11":{"loc":{"start":{"line":186,"column":4},"end":{"line":188,"column":5}},"type":"if","locations":[{"start":{"line":186,"column":4},"end":{"line":188,"column":5}},{"start":{},"end":{}}],"line":186}},"s":{"0":2,"1":2,"2":2,"3":2,"4":2,"5":2,"6":2,"7":2,"8":2,"9":2,"10":2,"11":0,"12":0,"13":0,"14":0,"15":2,"16":0,"17":0,"18":0,"19":0,"20":0,"21":2,"22":2,"23":2,"24":1,"25":1,"26":2,"27":4,"28":4,"29":4,"30":4,"31":4,"32":8,"33":4,"34":4,"35":4,"36":8,"37":8,"38":4,"39":4,"40":4,"41":3,"42":1,"43":1,"44":4,"45":4,"46":4,"47":0,"48":2,"49":3,"50":3,"51":3,"52":1,"53":2,"54":2,"55":1,"56":1,"57":2,"58":3,"59":3,"60":2,"61":1,"62":2,"63":2,"64":0,"65":0,"66":0,"67":0,"68":2,"69":2,"70":2,"71":1,"72":1,"73":2,"74":3,"75":3,"76":3,"77":1,"78":2,"79":2,"80":1,"81":1,"82":2,"83":0,"84":0,"85":0,"86":0,"87":0,"88":0,"89":0,"90":0,"91":0,"92":0,"93":0,"94":0,"95":2,"96":0,"97":0,"98":0,"99":0,"100":0,"101":0,"102":0,"103":0,"104":0,"105":0,"106":2,"107":1},"f":{"0":0,"1":0,"2":2,"3":4,"4":3,"5":3,"6":0,"7":2,"8":3,"9":0,"10":0,"11":1},"b":{"0":[4,4],"1":[3,1],"2":[4,3],"3":[1,2],"4":[4,0],"5":[1,2],"6":[1,2],"7":[0,0],"8":[0,0],"9":[0,0],"10":[0,0],"11":[0,0]},"_coverageSchema":"1a1c01bbd47fc00a2c39e90264f33305004495a9","hash":"525c703977bafa6a17d3bb5bac7e5e050be3aac2"}
,"C:\\Users\\harry\\Desktop\\Politecnico-di-Torino\\Ing.-Software\\Secondo-anno\\Software-Engineer-2\\OfficeQueueManagement-09\\Server\\dao\\counterDao.mjs": {"path":"C:\\Users\\harry\\Desktop\\Politecnico-di-Torino\\Ing.-Software\\Secondo-anno\\Software-Engineer-2\\OfficeQueueManagement-09\\Server\\dao\\counterDao.mjs","statementMap":{"0":{"start":{"line":3,"column":11},"end":{"line":5,"column":2}},"1":{"start":{"line":4,"column":4},"end":{"line":4,"column":23}},"2":{"start":{"line":4,"column":13},"end":{"line":4,"column":23}},"3":{"start":{"line":9,"column":8},"end":{"line":17,"column":11}},"4":{"start":{"line":10,"column":24},"end":{"line":10,"column":48}},"5":{"start":{"line":11,"column":12},"end":{"line":16,"column":15}},"6":{"start":{"line":12,"column":16},"end":{"line":15,"column":35}},"7":{"start":{"line":13,"column":20},"end":{"line":13,"column":39}},"8":{"start":{"line":15,"column":21},"end":{"line":15,"column":35}},"9":{"start":{"line":21,"column":8},"end":{"line":33,"column":11}},"10":{"start":{"line":22,"column":24},"end":{"line":25,"column":49}},"11":{"start":{"line":26,"column":12},"end":{"line":32,"column":15}},"12":{"start":{"line":27,"column":16},"end":{"line":31,"column":17}},"13":{"start":{"line":28,"column":20},"end":{"line":28,"column":39}},"14":{"start":{"line":30,"column":20},"end":{"line":30,"column":34}},"15":{"start":{"line":37,"column":8},"end":{"line":55,"column":11}},"16":{"start":{"line":38,"column":24},"end":{"line":38,"column":61}},"17":{"start":{"line":39,"column":12},"end":{"line":54,"column":15}},"18":{"start":{"line":40,"column":16},"end":{"line":53,"column":17}},"19":{"start":{"line":41,"column":20},"end":{"line":41,"column":39}},"20":{"start":{"line":43,"column":30},"end":{"line":43,"column":32}},"21":{"start":{"line":44,"column":20},"end":{"line":51,"column":21}},"22":{"start":{"line":45,"column":24},"end":{"line":50,"column":25}},"23":{"start":{"line":46,"column":28},"end":{"line":46,"column":171}},"24":{"start":{"line":49,"column":28},"end":{"line":49,"column":78}},"25":{"start":{"line":52,"column":20},"end":{"line":52,"column":33}},"26":{"start":{"line":59,"column":8},"end":{"line":69,"column":11}},"27":{"start":{"line":60,"column":24},"end":{"line":60,"column":67}},"28":{"start":{"line":61,"column":12},"end":{"line":68,"column":15}},"29":{"start":{"line":62,"column":16},"end":{"line":67,"column":17}},"30":{"start":{"line":63,"column":20},"end":{"line":63,"column":39}},"31":{"start":{"line":65,"column":33},"end":{"line":65,"column":56}},"32":{"start":{"line":66,"column":20},"end":{"line":66,"column":35}},"33":{"start":{"line":73,"column":8},"end":{"line":88,"column":11}},"34":{"start":{"line":74,"column":24},"end":{"line":80,"column":52}},"35":{"start":{"line":81,"column":12},"end":{"line":87,"column":15}},"36":{"start":{"line":82,"column":16},"end":{"line":86,"column":17}},"37":{"start":{"line":83,"column":20},"end":{"line":83,"column":39}},"38":{"start":{"line":85,"column":20},"end":{"line":85,"column":32}}},"fnMap":{"0":{"name":"(anonymous_0)","decl":{"start":{"line":3,"column":47},"end":{"line":3,"column":48}},"loc":{"start":{"line":3,"column":56},"end":{"line":5,"column":1}},"line":3},"1":{"name":"(anonymous_1)","decl":{"start":{"line":8,"column":4},"end":{"line":8,"column":5}},"loc":{"start":{"line":8,"column":18},"end":{"line":18,"column":5}},"line":8},"2":{"name":"(anonymous_2)","decl":{"start":{"line":9,"column":27},"end":{"line":9,"column":28}},"loc":{"start":{"line":9,"column":48},"end":{"line":17,"column":9}},"line":9},"3":{"name":"(anonymous_3)","decl":{"start":{"line":11,"column":28},"end":{"line":11,"column":29}},"loc":{"start":{"line":11,"column":43},"end":{"line":16,"column":13}},"line":11},"4":{"name":"(anonymous_4)","decl":{"start":{"line":20,"column":4},"end":{"line":20,"column":5}},"loc":{"start":{"line":20,"column":38},"end":{"line":34,"column":5}},"line":20},"5":{"name":"(anonymous_5)","decl":{"start":{"line":21,"column":27},"end":{"line":21,"column":28}},"loc":{"start":{"line":21,"column":48},"end":{"line":33,"column":9}},"line":21},"6":{"name":"(anonymous_6)","decl":{"start":{"line":26,"column":37},"end":{"line":26,"column":38}},"loc":{"start":{"line":26,"column":52},"end":{"line":32,"column":13}},"line":26},"7":{"name":"(anonymous_7)","decl":{"start":{"line":36,"column":4},"end":{"line":36,"column":5}},"loc":{"start":{"line":36,"column":31},"end":{"line":56,"column":5}},"line":36},"8":{"name":"(anonymous_8)","decl":{"start":{"line":37,"column":27},"end":{"line":37,"column":28}},"loc":{"start":{"line":37,"column":48},"end":{"line":55,"column":9}},"line":37},"9":{"name":"(anonymous_9)","decl":{"start":{"line":39,"column":28},"end":{"line":39,"column":29}},"loc":{"start":{"line":39,"column":49},"end":{"line":54,"column":13}},"line":39},"10":{"name":"(anonymous_10)","decl":{"start":{"line":58,"column":4},"end":{"line":58,"column":5}},"loc":{"start":{"line":58,"column":21},"end":{"line":70,"column":5}},"line":58},"11":{"name":"(anonymous_11)","decl":{"start":{"line":59,"column":27},"end":{"line":59,"column":28}},"loc":{"start":{"line":59,"column":48},"end":{"line":69,"column":9}},"line":59},"12":{"name":"(anonymous_12)","decl":{"start":{"line":61,"column":30},"end":{"line":61,"column":31}},"loc":{"start":{"line":61,"column":44},"end":{"line":68,"column":13}},"line":61},"13":{"name":"(anonymous_13)","decl":{"start":{"line":72,"column":4},"end":{"line":72,"column":5}},"loc":{"start":{"line":72,"column":42},"end":{"line":89,"column":5}},"line":72},"14":{"name":"(anonymous_14)","decl":{"start":{"line":73,"column":27},"end":{"line":73,"column":28}},"loc":{"start":{"line":73,"column":48},"end":{"line":88,"column":9}},"line":73},"15":{"name":"(anonymous_15)","decl":{"start":{"line":81,"column":32},"end":{"line":81,"column":33}},"loc":{"start":{"line":81,"column":46},"end":{"line":87,"column":13}},"line":81}},"branchMap":{"0":{"loc":{"start":{"line":4,"column":4},"end":{"line":4,"column":23}},"type":"if","locations":[{"start":{"line":4,"column":4},"end":{"line":4,"column":23}},{"start":{},"end":{}}],"line":4},"1":{"loc":{"start":{"line":12,"column":16},"end":{"line":15,"column":35}},"type":"if","locations":[{"start":{"line":12,"column":16},"end":{"line":15,"column":35}},{"start":{"line":15,"column":21},"end":{"line":15,"column":35}}],"line":12},"2":{"loc":{"start":{"line":27,"column":16},"end":{"line":31,"column":17}},"type":"if","locations":[{"start":{"line":27,"column":16},"end":{"line":31,"column":17}},{"start":{"line":29,"column":23},"end":{"line":31,"column":17}}],"line":27},"3":{"loc":{"start":{"line":40,"column":16},"end":{"line":53,"column":17}},"type":"if","locations":[{"start":{"line":40,"column":16},"end":{"line":53,"column":17}},{"start":{"line":42,"column":23},"end":{"line":53,"column":17}}],"line":40},"4":{"loc":{"start":{"line":45,"column":24},"end":{"line":50,"column":25}},"type":"if","locations":[{"start":{"line":45,"column":24},"end":{"line":50,"column":25}},{"start":{"line":48,"column":29},"end":{"line":50,"column":25}}],"line":45},"5":{"loc":{"start":{"line":62,"column":16},"end":{"line":67,"column":17}},"type":"if","locations":[{"start":{"line":62,"column":16},"end":{"line":67,"column":17}},{"start":{"line":64,"column":23},"end":{"line":67,"column":17}}],"line":62},"6":{"loc":{"start":{"line":82,"column":16},"end":{"line":86,"column":17}},"type":"if","locations":[{"start":{"line":82,"column":16},"end":{"line":86,"column":17}},{"start":{"line":84,"column":23},"end":{"line":86,"column":17}}],"line":82}},"s":{"0":3,"1":3,"2":0,"3":1,"4":1,"5":1,"6":1,"7":0,"8":1,"9":2,"10":2,"11":2,"12":2,"13":0,"14":2,"15":1,"16":1,"17":1,"18":1,"19":0,"20":1,"21":1,"22":10,"23":2,"24":8,"25":1,"26":3,"27":3,"28":3,"29":3,"30":0,"31":3,"32":3,"33":4,"34":4,"35":4,"36":4,"37":0,"38":4},"f":{"0":3,"1":1,"2":1,"3":1,"4":2,"5":2,"6":2,"7":1,"8":1,"9":1,"10":3,"11":3,"12":3,"13":4,"14":4,"15":4},"b":{"0":[0,3],"1":[0,1],"2":[0,2],"3":[0,1],"4":[2,8],"5":[0,3],"6":[0,4]},"_coverageSchema":"1a1c01bbd47fc00a2c39e90264f33305004495a9","hash":"f097f490c0f8a81890aa8129f92d94f3404a6b5a"}
,"C:\\Users\\harry\\Desktop\\Politecnico-di-Torino\\Ing.-Software\\Secondo-anno\\Software-Engineer-2\\OfficeQueueManagement-09\\Server\\dao\\officerDao.mjs": {"path":"C:\\Users\\harry\\Desktop\\Politecnico-di-Torino\\Ing.-Software\\Secondo-anno\\Software-Engineer-2\\OfficeQueueManagement-09\\Server\\dao\\officerDao.mjs","statementMap":{"0":{"start":{"line":5,"column":8},"end":{"line":13,"column":10}},"1":{"start":{"line":6,"column":24},"end":{"line":6,"column":128}},"2":{"start":{"line":7,"column":12},"end":{"line":12,"column":14}},"3":{"start":{"line":8,"column":16},"end":{"line":11,"column":60}},"4":{"start":{"line":9,"column":20},"end":{"line":9,"column":32}},"5":{"start":{"line":11,"column":16},"end":{"line":11,"column":60}},"6":{"start":{"line":17,"column":8},"end":{"line":28,"column":11}},"7":{"start":{"line":18,"column":24},"end":{"line":18,"column":85}},"8":{"start":{"line":19,"column":12},"end":{"line":27,"column":14}},"9":{"start":{"line":20,"column":16},"end":{"line":26,"column":17}},"10":{"start":{"line":21,"column":20},"end":{"line":21,"column":39}},"11":{"start":{"line":24,"column":39},"end":{"line":24,"column":70}},"12":{"start":{"line":24,"column":55},"end":{"line":24,"column":69}},"13":{"start":{"line":25,"column":20},"end":{"line":25,"column":40}},"14":{"start":{"line":32,"column":8},"end":{"line":42,"column":11}},"15":{"start":{"line":33,"column":24},"end":{"line":33,"column":63}},"16":{"start":{"line":34,"column":12},"end":{"line":41,"column":14}},"17":{"start":{"line":35,"column":16},"end":{"line":40,"column":17}},"18":{"start":{"line":36,"column":20},"end":{"line":36,"column":39}},"19":{"start":{"line":39,"column":20},"end":{"line":39,"column":38}},"20":{"start":{"line":46,"column":8},"end":{"line":59,"column":11}},"21":{"start":{"line":47,"column":25},"end":{"line":47,"column":136}},"22":{"start":{"line":48,"column":12},"end":{"line":58,"column":14}},"23":{"start":{"line":49,"column":16},"end":{"line":57,"column":17}},"24":{"start":{"line":50,"column":20},"end":{"line":50,"column":39}},"25":{"start":{"line":52,"column":21},"end":{"line":57,"column":17}},"26":{"start":{"line":53,"column":20},"end":{"line":53,"column":30}},"27":{"start":{"line":56,"column":20},"end":{"line":56,"column":38}},"28":{"start":{"line":63,"column":8},"end":{"line":73,"column":11}},"29":{"start":{"line":64,"column":25},"end":{"line":64,"column":67}},"30":{"start":{"line":65,"column":12},"end":{"line":72,"column":14}},"31":{"start":{"line":66,"column":16},"end":{"line":71,"column":17}},"32":{"start":{"line":67,"column":20},"end":{"line":67,"column":39}},"33":{"start":{"line":70,"column":20},"end":{"line":70,"column":37}},"34":{"start":{"line":77,"column":8},"end":{"line":87,"column":11}},"35":{"start":{"line":78,"column":24},"end":{"line":78,"column":64}},"36":{"start":{"line":79,"column":12},"end":{"line":86,"column":14}},"37":{"start":{"line":80,"column":16},"end":{"line":85,"column":17}},"38":{"start":{"line":81,"column":20},"end":{"line":81,"column":39}},"39":{"start":{"line":84,"column":20},"end":{"line":84,"column":37}},"40":{"start":{"line":91,"column":8},"end":{"line":114,"column":11}},"41":{"start":{"line":92,"column":25},"end":{"line":95,"column":25}},"42":{"start":{"line":97,"column":25},"end":{"line":100,"column":25}},"43":{"start":{"line":102,"column":12},"end":{"line":113,"column":15}},"44":{"start":{"line":103,"column":16},"end":{"line":105,"column":17}},"45":{"start":{"line":104,"column":20},"end":{"line":104,"column":39}},"46":{"start":{"line":106,"column":16},"end":{"line":111,"column":19}},"47":{"start":{"line":107,"column":20},"end":{"line":109,"column":21}},"48":{"start":{"line":108,"column":24},"end":{"line":108,"column":43}},"49":{"start":{"line":110,"column":20},"end":{"line":110,"column":39}},"50":{"start":{"line":118,"column":8},"end":{"line":131,"column":11}},"51":{"start":{"line":119,"column":24},"end":{"line":122,"column":31}},"52":{"start":{"line":124,"column":12},"end":{"line":130,"column":15}},"53":{"start":{"line":125,"column":16},"end":{"line":129,"column":17}},"54":{"start":{"line":126,"column":20},"end":{"line":126,"column":39}},"55":{"start":{"line":128,"column":20},"end":{"line":128,"column":34}},"56":{"start":{"line":135,"column":8},"end":{"line":149,"column":11}},"57":{"start":{"line":136,"column":24},"end":{"line":139,"column":25}},"58":{"start":{"line":141,"column":12},"end":{"line":148,"column":15}},"59":{"start":{"line":142,"column":16},"end":{"line":147,"column":17}},"60":{"start":{"line":143,"column":20},"end":{"line":143,"column":39}},"61":{"start":{"line":146,"column":20},"end":{"line":146,"column":39}}},"fnMap":{"0":{"name":"(anonymous_0)","decl":{"start":{"line":4,"column":4},"end":{"line":4,"column":5}},"loc":{"start":{"line":4,"column":34},"end":{"line":14,"column":5}},"line":4},"1":{"name":"(anonymous_1)","decl":{"start":{"line":5,"column":27},"end":{"line":5,"column":28}},"loc":{"start":{"line":5,"column":48},"end":{"line":13,"column":9}},"line":5},"2":{"name":"(anonymous_2)","decl":{"start":{"line":7,"column":39},"end":{"line":7,"column":40}},"loc":{"start":{"line":7,"column":53},"end":{"line":12,"column":13}},"line":7},"3":{"name":"(anonymous_3)","decl":{"start":{"line":16,"column":4},"end":{"line":16,"column":5}},"loc":{"start":{"line":16,"column":35},"end":{"line":29,"column":5}},"line":16},"4":{"name":"(anonymous_4)","decl":{"start":{"line":17,"column":27},"end":{"line":17,"column":28}},"loc":{"start":{"line":17,"column":48},"end":{"line":28,"column":9}},"line":17},"5":{"name":"(anonymous_5)","decl":{"start":{"line":19,"column":37},"end":{"line":19,"column":38}},"loc":{"start":{"line":19,"column":58},"end":{"line":27,"column":13}},"line":19},"6":{"name":"(anonymous_6)","decl":{"start":{"line":24,"column":48},"end":{"line":24,"column":49}},"loc":{"start":{"line":24,"column":55},"end":{"line":24,"column":69}},"line":24},"7":{"name":"(anonymous_7)","decl":{"start":{"line":31,"column":4},"end":{"line":31,"column":5}},"loc":{"start":{"line":31,"column":26},"end":{"line":43,"column":5}},"line":31},"8":{"name":"(anonymous_8)","decl":{"start":{"line":32,"column":27},"end":{"line":32,"column":28}},"loc":{"start":{"line":32,"column":48},"end":{"line":42,"column":9}},"line":32},"9":{"name":"(anonymous_9)","decl":{"start":{"line":34,"column":30},"end":{"line":34,"column":31}},"loc":{"start":{"line":34,"column":44},"end":{"line":41,"column":13}},"line":34},"10":{"name":"(anonymous_10)","decl":{"start":{"line":45,"column":4},"end":{"line":45,"column":5}},"loc":{"start":{"line":45,"column":29},"end":{"line":60,"column":5}},"line":45},"11":{"name":"(anonymous_11)","decl":{"start":{"line":46,"column":27},"end":{"line":46,"column":28}},"loc":{"start":{"line":46,"column":48},"end":{"line":59,"column":9}},"line":46},"12":{"name":"(anonymous_12)","decl":{"start":{"line":48,"column":36},"end":{"line":48,"column":37}},"loc":{"start":{"line":48,"column":50},"end":{"line":58,"column":13}},"line":48},"13":{"name":"(anonymous_13)","decl":{"start":{"line":62,"column":4},"end":{"line":62,"column":5}},"loc":{"start":{"line":62,"column":31},"end":{"line":74,"column":5}},"line":62},"14":{"name":"(anonymous_14)","decl":{"start":{"line":63,"column":27},"end":{"line":63,"column":28}},"loc":{"start":{"line":63,"column":48},"end":{"line":73,"column":9}},"line":63},"15":{"name":"(anonymous_15)","decl":{"start":{"line":65,"column":36},"end":{"line":65,"column":37}},"loc":{"start":{"line":65,"column":50},"end":{"line":72,"column":13}},"line":65},"16":{"name":"(anonymous_16)","decl":{"start":{"line":76,"column":4},"end":{"line":76,"column":5}},"loc":{"start":{"line":76,"column":28},"end":{"line":88,"column":5}},"line":76},"17":{"name":"(anonymous_17)","decl":{"start":{"line":77,"column":27},"end":{"line":77,"column":28}},"loc":{"start":{"line":77,"column":48},"end":{"line":87,"column":9}},"line":77},"18":{"name":"(anonymous_18)","decl":{"start":{"line":79,"column":35},"end":{"line":79,"column":36}},"loc":{"start":{"line":79,"column":49},"end":{"line":86,"column":13}},"line":79},"19":{"name":"(anonymous_19)","decl":{"start":{"line":90,"column":4},"end":{"line":90,"column":5}},"loc":{"start":{"line":90,"column":43},"end":{"line":115,"column":5}},"line":90},"20":{"name":"(anonymous_20)","decl":{"start":{"line":91,"column":27},"end":{"line":91,"column":28}},"loc":{"start":{"line":91,"column":48},"end":{"line":114,"column":9}},"line":91},"21":{"name":"(anonymous_21)","decl":{"start":{"line":102,"column":48},"end":{"line":102,"column":49}},"loc":{"start":{"line":102,"column":63},"end":{"line":113,"column":13}},"line":102},"22":{"name":"(anonymous_22)","decl":{"start":{"line":106,"column":52},"end":{"line":106,"column":53}},"loc":{"start":{"line":106,"column":67},"end":{"line":111,"column":17}},"line":106},"23":{"name":"(anonymous_23)","decl":{"start":{"line":117,"column":4},"end":{"line":117,"column":5}},"loc":{"start":{"line":117,"column":19},"end":{"line":132,"column":5}},"line":117},"24":{"name":"(anonymous_24)","decl":{"start":{"line":118,"column":27},"end":{"line":118,"column":28}},"loc":{"start":{"line":118,"column":48},"end":{"line":131,"column":9}},"line":118},"25":{"name":"(anonymous_25)","decl":{"start":{"line":124,"column":38},"end":{"line":124,"column":39}},"loc":{"start":{"line":124,"column":53},"end":{"line":130,"column":13}},"line":124},"26":{"name":"(anonymous_26)","decl":{"start":{"line":134,"column":4},"end":{"line":134,"column":5}},"loc":{"start":{"line":134,"column":44},"end":{"line":150,"column":5}},"line":134},"27":{"name":"(anonymous_27)","decl":{"start":{"line":135,"column":27},"end":{"line":135,"column":28}},"loc":{"start":{"line":135,"column":48},"end":{"line":149,"column":9}},"line":135},"28":{"name":"(anonymous_28)","decl":{"start":{"line":141,"column":49},"end":{"line":141,"column":50}},"loc":{"start":{"line":141,"column":64},"end":{"line":148,"column":13}},"line":141}},"branchMap":{"0":{"loc":{"start":{"line":8,"column":16},"end":{"line":11,"column":60}},"type":"if","locations":[{"start":{"line":8,"column":16},"end":{"line":11,"column":60}},{"start":{"line":11,"column":16},"end":{"line":11,"column":60}}],"line":8},"1":{"loc":{"start":{"line":20,"column":16},"end":{"line":26,"column":17}},"type":"if","locations":[{"start":{"line":20,"column":16},"end":{"line":26,"column":17}},{"start":{"line":23,"column":21},"end":{"line":26,"column":17}}],"line":20},"2":{"loc":{"start":{"line":35,"column":16},"end":{"line":40,"column":17}},"type":"if","locations":[{"start":{"line":35,"column":16},"end":{"line":40,"column":17}},{"start":{"line":38,"column":21},"end":{"line":40,"column":17}}],"line":35},"3":{"loc":{"start":{"line":49,"column":16},"end":{"line":57,"column":17}},"type":"if","locations":[{"start":{"line":49,"column":16},"end":{"line":57,"column":17}},{"start":{"line":52,"column":21},"end":{"line":57,"column":17}}],"line":49},"4":{"loc":{"start":{"line":52,"column":21},"end":{"line":57,"column":17}},"type":"if","locations":[{"start":{"line":52,"column":21},"end":{"line":57,"column":17}},{"start":{"line":55,"column":21},"end":{"line":57,"column":17}}],"line":52},"5":{"loc":{"start":{"line":66,"column":16},"end":{"line":71,"column":17}},"type":"if","locations":[{"start":{"line":66,"column":16},"end":{"line":71,"column":17}},{"start":{"line":69,"column":21},"end":{"line":71,"column":17}}],"line":66},"6":{"loc":{"start":{"line":80,"column":16},"end":{"line":85,"column":17}},"type":"if","locations":[{"start":{"line":80,"column":16},"end":{"line":85,"column":17}},{"start":{"line":83,"column":21},"end":{"line":85,"column":17}}],"line":80},"7":{"loc":{"start":{"line":103,"column":16},"end":{"line":105,"column":17}},"type":"if","locations":[{"start":{"line":103,"column":16},"end":{"line":105,"column":17}},{"start":{},"end":{}}],"line":103},"8":{"loc":{"start":{"line":107,"column":20},"end":{"line":109,"column":21}},"type":"if","locations":[{"start":{"line":107,"column":20},"end":{"line":109,"column":21}},{"start":{},"end":{}}],"line":107},"9":{"loc":{"start":{"line":125,"column":16},"end":{"line":129,"column":17}},"type":"if","locations":[{"start":{"line":125,"column":16},"end":{"line":129,"column":17}},{"start":{"line":127,"column":23},"end":{"line":129,"column":17}}],"line":125},"10":{"loc":{"start":{"line":142,"column":16},"end":{"line":147,"column":17}},"type":"if","locations":[{"start":{"line":142,"column":16},"end":{"line":147,"column":17}},{"start":{"line":145,"column":21},"end":{"line":147,"column":17}}],"line":142}},"s":{"0":2,"1":2,"2":2,"3":2,"4":1,"5":1,"6":2,"7":2,"8":2,"9":2,"10":1,"11":1,"12":2,"13":1,"14":2,"15":2,"16":2,"17":2,"18":1,"19":1,"20":3,"21":3,"22":3,"23":3,"24":1,"25":2,"26":1,"27":1,"28":2,"29":2,"30":2,"31":2,"32":1,"33":1,"34":2,"35":2,"36":2,"37":2,"38":1,"39":1,"40":3,"41":3,"42":3,"43":3,"44":3,"45":2,"46":1,"47":1,"48":0,"49":1,"50":2,"51":2,"52":2,"53":2,"54":1,"55":1,"56":2,"57":2,"58":2,"59":2,"60":1,"61":1},"f":{"0":2,"1":2,"2":2,"3":2,"4":2,"5":2,"6":2,"7":2,"8":2,"9":2,"10":3,"11":3,"12":3,"13":2,"14":2,"15":2,"16":2,"17":2,"18":2,"19":3,"20":3,"21":3,"22":1,"23":2,"24":2,"25":2,"26":2,"27":2,"28":2},"b":{"0":[1,1],"1":[1,1],"2":[1,1],"3":[1,2],"4":[1,1],"5":[1,1],"6":[1,1],"7":[2,1],"8":[0,1],"9":[1,1],"10":[1,1]},"_coverageSchema":"1a1c01bbd47fc00a2c39e90264f33305004495a9","hash":"e6ee4c333114a475f78d0c7cab0adc3563240d23"}
,"C:\\Users\\harry\\Desktop\\Politecnico-di-Torino\\Ing.-Software\\Secondo-anno\\Software-Engineer-2\\OfficeQueueManagement-09\\Server\\dao\\ticketDao.mjs": {"path":"C:\\Users\\harry\\Desktop\\Politecnico-di-Torino\\Ing.-Software\\Secondo-anno\\Software-Engineer-2\\OfficeQueueManagement-09\\Server\\dao\\ticketDao.mjs","statementMap":{"0":{"start":{"line":4,"column":2},"end":{"line":67,"column":3}},"1":{"start":{"line":5,"column":4},"end":{"line":66,"column":7}},"2":{"start":{"line":6,"column":19},"end":{"line":6,"column":59}},"3":{"start":{"line":7,"column":6},"end":{"line":65,"column":9}},"4":{"start":{"line":8,"column":8},"end":{"line":11,"column":9}},"5":{"start":{"line":9,"column":10},"end":{"line":9,"column":59}},"6":{"start":{"line":10,"column":10},"end":{"line":10,"column":29}},"7":{"start":{"line":12,"column":8},"end":{"line":14,"column":9}},"8":{"start":{"line":13,"column":10},"end":{"line":13,"column":57}},"9":{"start":{"line":16,"column":20},"end":{"line":16,"column":27}},"10":{"start":{"line":18,"column":21},"end":{"line":18,"column":23}},"11":{"start":{"line":20,"column":8},"end":{"line":56,"column":9}},"12":{"start":{"line":22,"column":12},"end":{"line":27,"column":18}},"13":{"start":{"line":28,"column":12},"end":{"line":28,"column":30}},"14":{"start":{"line":29,"column":12},"end":{"line":29,"column":31}},"15":{"start":{"line":30,"column":12},"end":{"line":30,"column":18}},"16":{"start":{"line":32,"column":12},"end":{"line":37,"column":18}},"17":{"start":{"line":38,"column":12},"end":{"line":38,"column":30}},"18":{"start":{"line":39,"column":12},"end":{"line":39,"column":30}},"19":{"start":{"line":40,"column":12},"end":{"line":40,"column":31}},"20":{"start":{"line":41,"column":12},"end":{"line":41,"column":18}},"21":{"start":{"line":43,"column":12},"end":{"line":50,"column":18}},"22":{"start":{"line":51,"column":12},"end":{"line":51,"column":30}},"23":{"start":{"line":52,"column":12},"end":{"line":52,"column":31}},"24":{"start":{"line":53,"column":12},"end":{"line":53,"column":18}},"25":{"start":{"line":55,"column":12},"end":{"line":55,"column":87}},"26":{"start":{"line":58,"column":8},"end":{"line":64,"column":11}},"27":{"start":{"line":59,"column":10},"end":{"line":63,"column":11}},"28":{"start":{"line":60,"column":12},"end":{"line":60,"column":31}},"29":{"start":{"line":62,"column":12},"end":{"line":62,"column":26}},"30":{"start":{"line":70,"column":2},"end":{"line":119,"column":3}},"31":{"start":{"line":71,"column":4},"end":{"line":118,"column":7}},"32":{"start":{"line":73,"column":19},"end":{"line":73,"column":21}},"33":{"start":{"line":74,"column":6},"end":{"line":107,"column":7}},"34":{"start":{"line":76,"column":10},"end":{"line":81,"column":18}},"35":{"start":{"line":82,"column":10},"end":{"line":82,"column":28}},"36":{"start":{"line":83,"column":10},"end":{"line":83,"column":16}},"37":{"start":{"line":85,"column":10},"end":{"line":90,"column":18}},"38":{"start":{"line":91,"column":10},"end":{"line":91,"column":28}},"39":{"start":{"line":92,"column":10},"end":{"line":92,"column":28}},"40":{"start":{"line":93,"column":10},"end":{"line":93,"column":16}},"41":{"start":{"line":95,"column":10},"end":{"line":102,"column":18}},"42":{"start":{"line":103,"column":10},"end":{"line":103,"column":28}},"43":{"start":{"line":104,"column":10},"end":{"line":104,"column":16}},"44":{"start":{"line":106,"column":10},"end":{"line":106,"column":85}},"45":{"start":{"line":110,"column":6},"end":{"line":117,"column":9}},"46":{"start":{"line":111,"column":8},"end":{"line":116,"column":9}},"47":{"start":{"line":112,"column":10},"end":{"line":112,"column":48}},"48":{"start":{"line":113,"column":10},"end":{"line":113,"column":29}},"49":{"start":{"line":115,"column":10},"end":{"line":115,"column":24}}},"fnMap":{"0":{"name":"TicketDao","decl":{"start":{"line":3,"column":24},"end":{"line":3,"column":33}},"loc":{"start":{"line":3,"column":36},"end":{"line":120,"column":1}},"line":3},"1":{"name":"(anonymous_1)","decl":{"start":{"line":4,"column":34},"end":{"line":4,"column":35}},"loc":{"start":{"line":4,"column":61},"end":{"line":67,"column":3}},"line":4},"2":{"name":"(anonymous_2)","decl":{"start":{"line":5,"column":23},"end":{"line":5,"column":24}},"loc":{"start":{"line":5,"column":44},"end":{"line":66,"column":5}},"line":5},"3":{"name":"(anonymous_3)","decl":{"start":{"line":7,"column":30},"end":{"line":7,"column":31}},"loc":{"start":{"line":7,"column":44},"end":{"line":65,"column":7}},"line":7},"4":{"name":"(anonymous_4)","decl":{"start":{"line":58,"column":30},"end":{"line":58,"column":31}},"loc":{"start":{"line":58,"column":45},"end":{"line":64,"column":9}},"line":58},"5":{"name":"(anonymous_5)","decl":{"start":{"line":70,"column":34},"end":{"line":70,"column":35}},"loc":{"start":{"line":70,"column":52},"end":{"line":119,"column":3}},"line":70},"6":{"name":"(anonymous_6)","decl":{"start":{"line":71,"column":23},"end":{"line":71,"column":24}},"loc":{"start":{"line":71,"column":44},"end":{"line":118,"column":5}},"line":71},"7":{"name":"(anonymous_7)","decl":{"start":{"line":110,"column":28},"end":{"line":110,"column":29}},"loc":{"start":{"line":110,"column":43},"end":{"line":117,"column":7}},"line":110}},"branchMap":{"0":{"loc":{"start":{"line":8,"column":8},"end":{"line":11,"column":9}},"type":"if","locations":[{"start":{"line":8,"column":8},"end":{"line":11,"column":9}},{"start":{},"end":{}}],"line":8},"1":{"loc":{"start":{"line":12,"column":8},"end":{"line":14,"column":9}},"type":"if","locations":[{"start":{"line":12,"column":8},"end":{"line":14,"column":9}},{"start":{},"end":{}}],"line":12},"2":{"loc":{"start":{"line":20,"column":8},"end":{"line":56,"column":9}},"type":"switch","locations":[{"start":{"line":21,"column":10},"end":{"line":30,"column":18}},{"start":{"line":31,"column":10},"end":{"line":41,"column":18}},{"start":{"line":42,"column":10},"end":{"line":53,"column":18}},{"start":{"line":54,"column":10},"end":{"line":55,"column":87}}],"line":20},"3":{"loc":{"start":{"line":59,"column":10},"end":{"line":63,"column":11}},"type":"if","locations":[{"start":{"line":59,"column":10},"end":{"line":63,"column":11}},{"start":{"line":61,"column":17},"end":{"line":63,"column":11}}],"line":59},"4":{"loc":{"start":{"line":74,"column":6},"end":{"line":107,"column":7}},"type":"switch","locations":[{"start":{"line":75,"column":8},"end":{"line":83,"column":16}},{"start":{"line":84,"column":8},"end":{"line":93,"column":16}},{"start":{"line":94,"column":8},"end":{"line":104,"column":16}},{"start":{"line":105,"column":8},"end":{"line":106,"column":85}}],"line":74},"5":{"loc":{"start":{"line":111,"column":8},"end":{"line":116,"column":9}},"type":"if","locations":[{"start":{"line":111,"column":8},"end":{"line":116,"column":9}},{"start":{"line":114,"column":15},"end":{"line":116,"column":9}}],"line":111}},"s":{"0":3,"1":4,"2":4,"3":4,"4":4,"5":0,"6":0,"7":4,"8":1,"9":3,"10":3,"11":3,"12":1,"13":1,"14":1,"15":1,"16":1,"17":1,"18":1,"19":1,"20":1,"21":0,"22":0,"23":0,"24":0,"25":1,"26":2,"27":2,"28":0,"29":2,"30":3,"31":4,"32":4,"33":4,"34":2,"35":2,"36":2,"37":1,"38":1,"39":1,"40":1,"41":0,"42":0,"43":0,"44":1,"45":3,"46":3,"47":1,"48":1,"49":2},"f":{"0":3,"1":4,"2":4,"3":4,"4":2,"5":4,"6":4,"7":3},"b":{"0":[0,4],"1":[1,3],"2":[1,1,0,1],"3":[0,2],"4":[2,1,0,1],"5":[1,2]},"_coverageSchema":"1a1c01bbd47fc00a2c39e90264f33305004495a9","hash":"18dd9ee93b5e2d208195d83e1c615a0d83ccd12b"}
,"C:\\Users\\harry\\Desktop\\Politecnico-di-Torino\\Ing.-Software\\Secondo-anno\\Software-Engineer-2\\OfficeQueueManagement-09\\Server\\dao\\totemDao.mjs": {"path":"C:\\Users\\harry\\Desktop\\Politecnico-di-Torino\\Ing.-Software\\Secondo-anno\\Software-Engineer-2\\OfficeQueueManagement-09\\Server\\dao\\totemDao.mjs","statementMap":{"0":{"start":{"line":6,"column":8},"end":{"line":14,"column":11}},"1":{"start":{"line":7,"column":24},"end":{"line":7,"column":51}},"2":{"start":{"line":8,"column":12},"end":{"line":13,"column":14}},"3":{"start":{"line":9,"column":16},"end":{"line":12,"column":35}},"4":{"start":{"line":10,"column":20},"end":{"line":10,"column":39}},"5":{"start":{"line":12,"column":21},"end":{"line":12,"column":35}},"6":{"start":{"line":18,"column":8},"end":{"line":39,"column":11}},"7":{"start":{"line":19,"column":25},"end":{"line":19,"column":64}},"8":{"start":{"line":20,"column":24},"end":{"line":20,"column":84}},"9":{"start":{"line":21,"column":12},"end":{"line":38,"column":14}},"10":{"start":{"line":22,"column":16},"end":{"line":37,"column":17}},"11":{"start":{"line":23,"column":20},"end":{"line":23,"column":39}},"12":{"start":{"line":26,"column":31},"end":{"line":26,"column":82}},"13":{"start":{"line":27,"column":20},"end":{"line":35,"column":22}},"14":{"start":{"line":28,"column":24},"end":{"line":34,"column":25}},"15":{"start":{"line":29,"column":28},"end":{"line":29,"column":47}},"16":{"start":{"line":32,"column":41},"end":{"line":32,"column":59}},"17":{"start":{"line":33,"column":28},"end":{"line":33,"column":44}}},"fnMap":{"0":{"name":"(anonymous_0)","decl":{"start":{"line":5,"column":4},"end":{"line":5,"column":5}},"loc":{"start":{"line":5,"column":19},"end":{"line":15,"column":5}},"line":5},"1":{"name":"(anonymous_1)","decl":{"start":{"line":6,"column":27},"end":{"line":6,"column":28}},"loc":{"start":{"line":6,"column":48},"end":{"line":14,"column":9}},"line":6},"2":{"name":"(anonymous_2)","decl":{"start":{"line":8,"column":28},"end":{"line":8,"column":29}},"loc":{"start":{"line":8,"column":43},"end":{"line":13,"column":13}},"line":8},"3":{"name":"(anonymous_3)","decl":{"start":{"line":17,"column":4},"end":{"line":17,"column":5}},"loc":{"start":{"line":17,"column":28},"end":{"line":40,"column":5}},"line":17},"4":{"name":"(anonymous_4)","decl":{"start":{"line":18,"column":27},"end":{"line":18,"column":28}},"loc":{"start":{"line":18,"column":48},"end":{"line":39,"column":9}},"line":18},"5":{"name":"(anonymous_5)","decl":{"start":{"line":21,"column":44},"end":{"line":21,"column":45}},"loc":{"start":{"line":21,"column":57},"end":{"line":38,"column":13}},"line":21},"6":{"name":"(anonymous_6)","decl":{"start":{"line":27,"column":45},"end":{"line":27,"column":46}},"loc":{"start":{"line":27,"column":56},"end":{"line":35,"column":21}},"line":27}},"branchMap":{"0":{"loc":{"start":{"line":9,"column":16},"end":{"line":12,"column":35}},"type":"if","locations":[{"start":{"line":9,"column":16},"end":{"line":12,"column":35}},{"start":{"line":12,"column":21},"end":{"line":12,"column":35}}],"line":9},"1":{"loc":{"start":{"line":22,"column":16},"end":{"line":37,"column":17}},"type":"if","locations":[{"start":{"line":22,"column":16},"end":{"line":37,"column":17}},{"start":{"line":25,"column":21},"end":{"line":37,"column":17}}],"line":22},"2":{"loc":{"start":{"line":28,"column":24},"end":{"line":34,"column":25}},"type":"if","locations":[{"start":{"line":28,"column":24},"end":{"line":34,"column":25}},{"start":{"line":31,"column":28},"end":{"line":34,"column":25}}],"line":28}},"s":{"0":2,"1":2,"2":2,"3":2,"4":0,"5":2,"6":3,"7":3,"8":3,"9":3,"10":3,"11":1,"12":2,"13":2,"14":2,"15":1,"16":1,"17":1},"f":{"0":2,"1":2,"2":2,"3":3,"4":3,"5":3,"6":2},"b":{"0":[0,2],"1":[1,2],"2":[1,1]},"_coverageSchema":"1a1c01bbd47fc00a2c39e90264f33305004495a9","hash":"1cd7ac35303d0ad2a14f2423b212e7b2758b01e7"}
,"C:\\Users\\harry\\Desktop\\Politecnico-di-Torino\\Ing.-Software\\Secondo-anno\\Software-Engineer-2\\OfficeQueueManagement-09\\Server\\db\\db.mjs": {"path":"C:\\Users\\harry\\Desktop\\Politecnico-di-Torino\\Ing.-Software\\Secondo-anno\\Software-Engineer-2\\OfficeQueueManagement-09\\Server\\db\\db.mjs","statementMap":{"0":{"start":{"line":4,"column":18},"end":{"line":6,"column":2}},"1":{"start":{"line":5,"column":2},"end":{"line":5,"column":21}},"2":{"start":{"line":5,"column":11},"end":{"line":5,"column":21}}},"fnMap":{"0":{"name":"(anonymous_0)","decl":{"start":{"line":4,"column":56},"end":{"line":4,"column":57}},"loc":{"start":{"line":4,"column":65},"end":{"line":6,"column":1}},"line":4}},"branchMap":{"0":{"loc":{"start":{"line":5,"column":2},"end":{"line":5,"column":21}},"type":"if","locations":[{"start":{"line":5,"column":2},"end":{"line":5,"column":21}},{"start":{},"end":{}}],"line":5}},"s":{"0":9,"1":7,"2":0},"f":{"0":7},"b":{"0":[0,7]},"_coverageSchema":"1a1c01bbd47fc00a2c39e90264f33305004495a9","hash":"e4eb377cfacee38488e5314d61c787461fb224d9"}
}
