TN:
SF:index.mjs
FN:30,(anonymous_0)
FN:40,(anonymous_1)
FN:50,(anonymous_2)
FN:59,(anonymous_3)
FN:91,(anonymous_4)
FN:107,(anonymous_5)
FN:117,(anonymous_6)
FN:126,(anonymous_7)
FN:135,(anonymous_8)
FN:151,(anonymous_9)
FN:177,(anonymous_10)
FN:200,(anonymous_11)
FNF:12
FNH:7
FNDA:0,(anonymous_0)
FNDA:0,(anonymous_1)
FNDA:2,(anonymous_2)
FNDA:4,(anonymous_3)
FNDA:3,(anonymous_4)
FNDA:3,(anonymous_5)
FNDA:0,(anonymous_6)
FNDA:2,(anonymous_7)
FNDA:3,(anonymous_8)
FNDA:0,(anonymous_9)
FNDA:0,(anonymous_10)
FNDA:1,(anonymous_11)
DA:9,2
DA:10,2
DA:11,2
DA:12,2
DA:15,2
DA:16,2
DA:19,2
DA:20,2
DA:21,2
DA:26,2
DA:30,2
DA:31,0
DA:32,0
DA:33,0
DA:36,0
DA:40,2
DA:41,0
DA:42,0
DA:43,0
DA:44,0
DA:46,0
DA:50,2
DA:51,2
DA:52,2
DA:53,1
DA:55,1
DA:59,2
DA:60,4
DA:61,4
DA:62,4
DA:64,4
DA:65,4
DA:66,8
DA:68,4
DA:69,4
DA:70,4
DA:71,8
DA:72,8
DA:73,4
DA:74,4
DA:76,4
DA:77,3
DA:78,1
DA:79,1
DA:83,4
DA:84,4
DA:85,4
DA:87,0
DA:91,2
DA:92,3
DA:93,3
DA:95,3
DA:96,1
DA:99,2
DA:100,2
DA:101,1
DA:103,1
DA:107,2
DA:108,3
DA:109,3
DA:110,2
DA:111,1
DA:113,2
DA:117,2
DA:118,0
DA:119,0
DA:120,0
DA:122,0
DA:126,2
DA:127,2
DA:128,2
DA:129,1
DA:131,1
DA:135,2
DA:136,3
DA:137,3
DA:139,3
DA:140,1
DA:143,2
DA:144,2
DA:145,1
DA:147,1
DA:151,2
DA:152,0
DA:155,0
DA:156,0
DA:160,0
DA:161,0
DA:164,0
DA:165,0
DA:168,0
DA:169,0
DA:170,0
DA:172,0
DA:173,0
DA:177,2
DA:178,0
DA:181,0
DA:182,0
DA:186,0
DA:187,0
DA:190,0
DA:191,0
DA:192,0
DA:194,0
DA:195,0
DA:200,2
DA:201,1
LF:108
LH:72
BRDA:72,0,0,4
BRDA:72,0,1,4
BRDA:76,1,0,3
BRDA:76,1,1,1
BRDA:76,2,0,4
BRDA:76,2,1,3
BRDA:77,3,0,1
BRDA:77,3,1,2
BRDA:83,4,0,4
BRDA:83,4,1,0
BRDA:95,5,0,1
BRDA:95,5,1,2
BRDA:139,6,0,1
BRDA:139,6,1,2
BRDA:155,7,0,0
BRDA:155,7,1,0
BRDA:160,8,0,0
BRDA:160,8,1,0
BRDA:164,9,0,0
BRDA:164,9,1,0
BRDA:181,10,0,0
BRDA:181,10,1,0
BRDA:186,11,0,0
BRDA:186,11,1,0
BRF:24
BRH:13
end_of_record
TN:
SF:dao\counterDao.mjs
FN:3,(anonymous_0)
FN:8,(anonymous_1)
FN:9,(anonymous_2)
FN:11,(anonymous_3)
FN:20,(anonymous_4)
FN:21,(anonymous_5)
FN:26,(anonymous_6)
FN:36,(anonymous_7)
FN:37,(anonymous_8)
FN:39,(anonymous_9)
FN:58,(anonymous_10)
FN:59,(anonymous_11)
FN:61,(anonymous_12)
FN:72,(anonymous_13)
FN:73,(anonymous_14)
FN:81,(anonymous_15)
FNF:16
FNH:16
FNDA:3,(anonymous_0)
FNDA:1,(anonymous_1)
FNDA:1,(anonymous_2)
FNDA:1,(anonymous_3)
FNDA:2,(anonymous_4)
FNDA:2,(anonymous_5)
FNDA:2,(anonymous_6)
FNDA:1,(anonymous_7)
FNDA:1,(anonymous_8)
FNDA:1,(anonymous_9)
FNDA:3,(anonymous_10)
FNDA:3,(anonymous_11)
FNDA:3,(anonymous_12)
FNDA:4,(anonymous_13)
FNDA:4,(anonymous_14)
FNDA:4,(anonymous_15)
DA:3,3
DA:4,3
DA:9,1
DA:10,1
DA:11,1
DA:12,1
DA:13,0
DA:15,1
DA:21,2
DA:22,2
DA:26,2
DA:27,2
DA:28,0
DA:30,2
DA:37,1
DA:38,1
DA:39,1
DA:40,1
DA:41,0
DA:43,1
DA:44,1
DA:45,10
DA:46,2
DA:49,8
DA:52,1
DA:59,3
DA:60,3
DA:61,3
DA:62,3
DA:63,0
DA:65,3
DA:66,3
DA:73,4
DA:74,4
DA:81,4
DA:82,4
DA:83,0
DA:85,4
LF:38
LH:33
BRDA:4,0,0,0
BRDA:4,0,1,3
BRDA:12,1,0,0
BRDA:12,1,1,1
BRDA:27,2,0,0
BRDA:27,2,1,2
BRDA:40,3,0,0
BRDA:40,3,1,1
BRDA:45,4,0,2
BRDA:45,4,1,8
BRDA:62,5,0,0
BRDA:62,5,1,3
BRDA:82,6,0,0
BRDA:82,6,1,4
BRF:14
BRH:8
end_of_record
TN:
SF:dao\officerDao.mjs
FN:4,(anonymous_0)
FN:5,(anonymous_1)
FN:7,(anonymous_2)
FN:16,(anonymous_3)
FN:17,(anonymous_4)
FN:19,(anonymous_5)
FN:24,(anonymous_6)
FN:31,(anonymous_7)
FN:32,(anonymous_8)
FN:34,(anonymous_9)
FN:45,(anonymous_10)
FN:46,(anonymous_11)
FN:48,(anonymous_12)
FN:62,(anonymous_13)
FN:63,(anonymous_14)
FN:65,(anonymous_15)
FN:76,(anonymous_16)
FN:77,(anonymous_17)
FN:79,(anonymous_18)
FN:90,(anonymous_19)
FN:91,(anonymous_20)
FN:102,(anonymous_21)
FN:106,(anonymous_22)
FN:117,(anonymous_23)
FN:118,(anonymous_24)
FN:124,(anonymous_25)
FN:134,(anonymous_26)
FN:135,(anonymous_27)
FN:141,(anonymous_28)
FNF:29
FNH:29
FNDA:2,(anonymous_0)
FNDA:2,(anonymous_1)
FNDA:2,(anonymous_2)
FNDA:2,(anonymous_3)
FNDA:2,(anonymous_4)
FNDA:2,(anonymous_5)
FNDA:2,(anonymous_6)
FNDA:2,(anonymous_7)
FNDA:2,(anonymous_8)
FNDA:2,(anonymous_9)
FNDA:3,(anonymous_10)
FNDA:3,(anonymous_11)
FNDA:3,(anonymous_12)
FNDA:2,(anonymous_13)
FNDA:2,(anonymous_14)
FNDA:2,(anonymous_15)
FNDA:2,(anonymous_16)
FNDA:2,(anonymous_17)
FNDA:2,(anonymous_18)
FNDA:3,(anonymous_19)
FNDA:3,(anonymous_20)
FNDA:3,(anonymous_21)
FNDA:1,(anonymous_22)
FNDA:2,(anonymous_23)
FNDA:2,(anonymous_24)
FNDA:2,(anonymous_25)
FNDA:2,(anonymous_26)
FNDA:2,(anonymous_27)
FNDA:2,(anonymous_28)
DA:5,2
DA:6,2
DA:7,2
DA:8,2
DA:9,1
DA:11,1
DA:17,2
DA:18,2
DA:19,2
DA:20,2
DA:21,1
DA:24,2
DA:25,1
DA:32,2
DA:33,2
DA:34,2
DA:35,2
DA:36,1
DA:39,1
DA:46,3
DA:47,3
DA:48,3
DA:49,3
DA:50,1
DA:52,2
DA:53,1
DA:56,1
DA:63,2
DA:64,2
DA:65,2
DA:66,2
DA:67,1
DA:70,1
DA:77,2
DA:78,2
DA:79,2
DA:80,2
DA:81,1
DA:84,1
DA:91,3
DA:92,3
DA:97,3
DA:102,3
DA:103,3
DA:104,2
DA:106,1
DA:107,1
DA:108,0
DA:110,1
DA:118,2
DA:119,2
DA:124,2
DA:125,2
DA:126,1
DA:128,1
DA:135,2
DA:136,2
DA:141,2
DA:142,2
DA:143,1
DA:146,1
LF:61
LH:60
BRDA:8,0,0,1
BRDA:8,0,1,1
BRDA:20,1,0,1
BRDA:20,1,1,1
BRDA:35,2,0,1
BRDA:35,2,1,1
BRDA:49,3,0,1
BRDA:49,3,1,2
BRDA:52,4,0,1
BRDA:52,4,1,1
BRDA:66,5,0,1
BRDA:66,5,1,1
BRDA:80,6,0,1
BRDA:80,6,1,1
BRDA:103,7,0,2
BRDA:103,7,1,1
BRDA:107,8,0,0
BRDA:107,8,1,1
BRDA:125,9,0,1
BRDA:125,9,1,1
BRDA:142,10,0,1
BRDA:142,10,1,1
BRF:22
BRH:21
end_of_record
TN:
SF:dao\ticketDao.mjs
FN:3,TicketDao
FN:4,(anonymous_1)
FN:5,(anonymous_2)
FN:7,(anonymous_3)
FN:58,(anonymous_4)
FN:70,(anonymous_5)
FN:71,(anonymous_6)
FN:110,(anonymous_7)
FNF:8
FNH:8
FNDA:3,TicketDao
FNDA:4,(anonymous_1)
FNDA:4,(anonymous_2)
FNDA:4,(anonymous_3)
FNDA:2,(anonymous_4)
FNDA:4,(anonymous_5)
FNDA:4,(anonymous_6)
FNDA:3,(anonymous_7)
DA:4,3
DA:5,4
DA:6,4
DA:7,4
DA:8,4
DA:9,0
DA:10,0
DA:12,4
DA:13,1
DA:16,3
DA:18,3
DA:20,3
DA:22,1
DA:28,1
DA:29,1
DA:30,1
DA:32,1
DA:38,1
DA:39,1
DA:40,1
DA:41,1
DA:43,0
DA:51,0
DA:52,0
DA:53,0
DA:55,1
DA:58,2
DA:59,2
DA:60,0
DA:62,2
DA:70,3
DA:71,4
DA:73,4
DA:74,4
DA:76,2
DA:82,2
DA:83,2
DA:85,1
DA:91,1
DA:92,1
DA:93,1
DA:95,0
DA:103,0
DA:104,0
DA:106,1
DA:110,3
DA:111,3
DA:112,1
DA:113,1
DA:115,2
LF:50
LH:40
BRDA:8,0,0,0
BRDA:8,0,1,4
BRDA:12,1,0,1
BRDA:12,1,1,3
BRDA:20,2,0,1
BRDA:20,2,1,1
BRDA:20,2,2,0
BRDA:20,2,3,1
BRDA:59,3,0,0
BRDA:59,3,1,2
BRDA:74,4,0,2
BRDA:74,4,1,1
BRDA:74,4,2,0
BRDA:74,4,3,1
BRDA:111,5,0,1
BRDA:111,5,1,2
BRF:16
BRH:12
end_of_record
TN:
SF:dao\totemDao.mjs
FN:5,(anonymous_0)
FN:6,(anonymous_1)
FN:8,(anonymous_2)
FN:17,(anonymous_3)
FN:18,(anonymous_4)
FN:21,(anonymous_5)
FN:27,(anonymous_6)
FNF:7
FNH:7
FNDA:2,(anonymous_0)
FNDA:2,(anonymous_1)
FNDA:2,(anonymous_2)
FNDA:3,(anonymous_3)
FNDA:3,(anonymous_4)
FNDA:3,(anonymous_5)
FNDA:2,(anonymous_6)
DA:6,2
DA:7,2
DA:8,2
DA:9,2
DA:10,0
DA:12,2
DA:18,3
DA:19,3
DA:20,3
DA:21,3
DA:22,3
DA:23,1
DA:26,2
DA:27,2
DA:28,2
DA:29,1
DA:32,1
DA:33,1
LF:18
LH:17
BRDA:9,0,0,0
BRDA:9,0,1,2
BRDA:22,1,0,1
BRDA:22,1,1,2
BRDA:28,2,0,1
BRDA:28,2,1,1
BRF:6
BRH:5
end_of_record
TN:
SF:db\db.mjs
FN:4,(anonymous_0)
FNF:1
FNH:1
FNDA:7,(anonymous_0)
DA:4,9
DA:5,7
LF:2
LH:2
BRDA:5,0,0,0
BRDA:5,0,1,7
BRF:2
BRH:1
end_of_record
